0 info it worked if it ends with ok
1 verbose cli [ 'C:\\Program Files\\nodejs\\node.exe',
1 verbose cli   'C:\\Program Files\\nodejs\\node_modules\\npm\\bin\\npm-cli.js',
1 verbose cli   'run',
1 verbose cli   'webpack' ]
2 info using npm@3.10.10
3 info using node@v6.10.0
4 verbose run-script [ 'prewebpack', 'webpack', 'postwebpack' ]
5 info lifecycle electronicresume@1.0.0~prewebpack: electronicresume@1.0.0
6 silly lifecycle electronicresume@1.0.0~prewebpack: no script for prewebpack, continuing
7 info lifecycle electronicresume@1.0.0~webpack: electronicresume@1.0.0
8 verbose lifecycle electronicresume@1.0.0~webpack: unsafe-perm in lifecycle true
9 verbose lifecycle electronicresume@1.0.0~webpack: PATH: C:\Program Files\nodejs\node_modules\npm\bin\node-gyp-bin;C:\Users\Administrator\Desktop\myProject\eResume\node_modules\.bin;C:\Windows\system32;C:\Windows;C:\Windows\System32\Wbem;C:\Windows\System32\WindowsPowerShell\v1.0\;C:\Program Files\nodejs\;D:\Git\cmd;C:\Users\Administrator\AppData\Roaming\npm
10 verbose lifecycle electronicresume@1.0.0~webpack: CWD: C:\Users\Administrator\Desktop\myProject\eResume
11 silly lifecycle electronicresume@1.0.0~webpack: Args: [ '/d /s /c',
11 silly lifecycle   'webpack --config webpack.config.js --module-bind css="css-loader!style-loader"' ]
12 silly lifecycle electronicresume@1.0.0~webpack: Returned: code: 2  signal: null
13 info lifecycle electronicresume@1.0.0~webpack: Failed to exec webpack script
14 verbose stack Error: electronicresume@1.0.0 webpack: `webpack --config webpack.config.js --module-bind css="css-loader!style-loader"`
14 verbose stack Exit status 2
14 verbose stack     at EventEmitter.<anonymous> (C:\Program Files\nodejs\node_modules\npm\lib\utils\lifecycle.js:255:16)
14 verbose stack     at emitTwo (events.js:106:13)
14 verbose stack     at EventEmitter.emit (events.js:191:7)
14 verbose stack     at ChildProcess.<anonymous> (C:\Program Files\nodejs\node_modules\npm\lib\utils\spawn.js:40:14)
14 verbose stack     at emitTwo (events.js:106:13)
14 verbose stack     at ChildProcess.emit (events.js:191:7)
14 verbose stack     at maybeClose (internal/child_process.js:877:16)
14 verbose stack     at Process.ChildProcess._handle.onexit (internal/child_process.js:226:5)
15 verbose pkgid electronicresume@1.0.0
16 verbose cwd C:\Users\Administrator\Desktop\myProject\eResume
17 error Windows_NT 6.1.7601
18 error argv "C:\\Program Files\\nodejs\\node.exe" "C:\\Program Files\\nodejs\\node_modules\\npm\\bin\\npm-cli.js" "run" "webpack"
19 error node v6.10.0
20 error npm  v3.10.10
21 error code ELIFECYCLE
22 error electronicresume@1.0.0 webpack: `webpack --config webpack.config.js --module-bind css="css-loader!style-loader"`
22 error Exit status 2
23 error Failed at the electronicresume@1.0.0 webpack script 'webpack --config webpack.config.js --module-bind css="css-loader!style-loader"'.
23 error Make sure you have the latest version of node.js and npm installed.
23 error If you do, this is most likely a problem with the electronicresume package,
23 error not with npm itself.
23 error Tell the author that this fails on your system:
23 error     webpack --config webpack.config.js --module-bind css="css-loader!style-loader"
23 error You can get information on how to open an issue for this project with:
23 error     npm bugs electronicresume
23 error Or if that isn't available, you can get their info via:
23 error     npm owner ls electronicresume
23 error There is likely additional logging output above.
24 verbose exit [ 1, true ]
